2026-04-28 12:07:12,149 [runner] INFO: === Starting Dubizzle Scraper ===
2026-04-28 12:07:12,149 [scrapling] WARNING: This logic is deprecated now, and have no effect; It will be removed with v0.3. Use `StealthyFetcher.configure()` instead before fetching
2026-04-28 12:07:12,150 [dubizzle_spider] INFO: Scraping page 1: https://uae.dubizzle.com/motors/new-cars/?page=1
2026-04-28 12:07:13,267 [scrapling] INFO: Fetched (200) <GET https://uae.dubizzle.com/motors/new-cars/?page=1> (referer: https://www.google.com/search?q=dubizzle)
2026-04-28 12:07:13,397 [dubizzle_spider] WARNING: __NEXT_DATA__ extraction error: 'Response' object has no attribute 'css_first'
2026-04-28 12:07:13,398 [dubizzle_spider] WARNING: No listings extracted from page 1
2026-04-28 12:07:13,398 [dubizzle_spider] INFO: Page 1: Found 0 listings
2026-04-28 12:07:17,793 [dubizzle_spider] INFO: Scraping page 2: https://uae.dubizzle.com/motors/new-cars/?page=2
2026-04-28 12:07:18,906 [scrapling] INFO: Fetched (200) <GET https://uae.dubizzle.com/motors/new-cars/?page=2> (referer: https://www.google.com/search?q=dubizzle)
2026-04-28 12:07:19,034 [dubizzle_spider] WARNING: __NEXT_DATA__ extraction error: 'Response' object has no attribute 'css_first'
2026-04-28 12:07:19,035 [dubizzle_spider] WARNING: No listings extracted from page 2
2026-04-28 12:07:19,035 [dubizzle_spider] INFO: Page 2: Found 0 listings
2026-04-28 12:07:22,826 [dubizzle_spider] INFO: Scraping page 3: https://uae.dubizzle.com/motors/new-cars/?page=3
2026-04-28 12:07:23,870 [scrapling] INFO: Fetched (200) <GET https://uae.dubizzle.com/motors/new-cars/?page=3> (referer: https://www.google.com/search?q=dubizzle)
2026-04-28 12:07:23,984 [dubizzle_spider] WARNING: __NEXT_DATA__ extraction error: 'Response' object has no attribute 'css_first'
2026-04-28 12:07:23,984 [dubizzle_spider] WARNING: No listings extracted from page 3
2026-04-28 12:07:23,984 [dubizzle_spider] INFO: Page 3: Found 0 listings
2026-04-28 12:07:23,984 [dubizzle_spider] INFO: 3 consecutive empty pages. Stopping at page 3.
2026-04-28 12:07:23,984 [dubizzle_spider] INFO: Scraping complete. Stats: {'pages_scraped': 3, 'listings_found': 0, 'errors': 0}
2026-04-28 12:07:23,984 [runner] INFO: Dubizzle: 0 listings saved
2026-04-28 12:07:23,985 [runner] INFO: === Starting Dubicars Scraper ===
2026-04-28 12:07:23,985 [scrapling] WARNING: This logic is deprecated now, and have no effect; It will be removed with v0.3. Use `StealthyFetcher.configure()` instead before fetching
2026-04-28 12:07:23,985 [dubicars_spider] INFO: Scraping page 1: https://www.dubicars.com/uae/new?page=1
2026-04-28 12:07:28,269 [scrapling] INFO: Fetched (200) <GET https://www.dubicars.com/uae/new?page=1> (referer: https://www.google.com/search?q=dubicars)
2026-04-28 12:07:28,404 [dubicars_spider] INFO: Page 1: Found 30 card elements
2026-04-28 12:07:28,405 [dubicars_spider] INFO: Page 1: 0 listings (total: 0)
2026-04-28 12:07:32,709 [dubicars_spider] INFO: Scraping page 2: https://www.dubicars.com/uae/new?page=2
2026-04-28 12:07:36,125 [scrapling] INFO: Fetched (200) <GET https://www.dubicars.com/uae/new?page=2> (referer: https://www.google.com/search?q=dubicars)
2026-04-28 12:07:36,257 [dubicars_spider] INFO: Page 2: Found 30 card elements
2026-04-28 12:07:36,258 [dubicars_spider] INFO: Page 2: 0 listings (total: 0)
2026-04-28 12:07:38,659 [dubicars_spider] INFO: Scraping page 3: https://www.dubicars.com/uae/new?page=3
2026-04-28 12:07:48,224 [scrapling] INFO: Fetched (200) <GET https://www.dubicars.com/uae/new?page=3> (referer: https://www.google.com/search?q=dubicars)
2026-04-28 12:07:48,354 [dubicars_spider] INFO: Page 3: Found 30 card elements
2026-04-28 12:07:48,355 [dubicars_spider] INFO: 3 consecutive empty pages. Stopping at page 3.
2026-04-28 12:07:48,355 [dubicars_spider] INFO: Dubicars scraping complete. Stats: {'pages_scraped': 2, 'listings_found': 0, 'details_scraped': 0, 'errors': 90}
2026-04-28 12:07:48,355 [runner] INFO: Dubicars: 0 listings saved
2026-04-28 12:07:48,355 [runner] INFO: === Scraping Complete: 0 total listings ===
