2026-05-05 17:39:37,593 [processor] INFO: Starting enhanced processing pipeline...
2026-05-05 17:39:37,613 [processor] INFO: Raw records: 8564
2026-05-05 17:39:37,644 [processor] INFO: After basic cleaning: 8564 records
2026-05-05 17:39:38,231 [processor] INFO: Brand extraction: 7912/8564 identified (92.4%)
2026-05-05 17:39:38,641 [processor] INFO: Outlier removal: 8564 → 8539 (25 removed)
2026-05-05 17:39:38,720 [processor] INFO: Deduplication: 8539 → 4512 (4027 duplicates)
2026-05-05 17:39:39,243 [processor] INFO: Final clean records: 4512
2026-05-05 17:39:39,249 [processor] INFO: Quality Report: {
  "total_listings": 4512,
  "source_breakdown": {
    "dubicars": 4512
  },
  "brand_coverage": {
    "identified": 4129,
    "unknown": 383,
    "pct_identified": 91.5
  },
  "model_coverage": {
    "identified": 4129,
    "pct_identified": 91.5
  },
  "field_completeness": {
    "price": 100.0,
    "year": 99.9,
    "mileage": 100.0,
    "brand": 100.0,
    "model": 100.0,
    "body_type": 100.0,
    "fuel_type": 100.0,
    "location": 0.0
  },
  "avg_quality_score": 79.5,
  "price_stats": {
    "min": 5000.0,
    "max": 8200000.0,
    "mean": 294975.45,
    "median": 154000.0
  },
  "top_brands": {
    "Toyota": 1336,
    "Mercedes-Benz": 407,
    "BYD": 247,
    "Nissan": 207,
    "Kia": 155,
    "Mitsubishi": 152,
    "Hyundai": 148,
    "Suzuki": 145,
    "Lexus": 138,
    "BMW": 137,
    "Land Rover": 113,
    "MG": 110,
    "Audi": 83,
    "Rolls-Royce": 74,
    "Jeep": 61
  },
  "cross_source_flags": {
    "Normal": 3374,
    "Above Market": 335,
    "Below Market": 333,
    "Overpriced \u26a0\ufe0f": 318,
    "Potential Deal \ud83d\udd25": 152
  },
  "extraction_methods": {
    "dom": 4512
  }
}
2026-05-05 17:39:39,281 [processor] INFO: Exported 4512 records to data/processed/listings.csv
2026-05-05 17:39:39,420 [processor] INFO: JSON export complete: data/processed/listings.json
2026-05-05 17:39:40,769 [processor] INFO: Excel export complete: output/uae_car_market.xlsx
2026-05-05 17:39:49,243 [api] INFO: Database ready.
