2026-05-11 11:20:12,389 [runner] INFO: === Starting Dubizzle Scraper ===
2026-05-11 11:20:12,389 [scrapling] WARNING: This logic is deprecated now, and have no effect; It will be removed with v0.3. Use `StealthyFetcher.configure()` instead before fetching
2026-05-11 11:20:12,389 [dubizzle_spider] INFO: Scraping page 1: https://uae.dubizzle.com/motors/new-cars/?page=1
2026-05-11 11:20:16,967 [scrapling] INFO: Fetched (200) <GET https://uae.dubizzle.com/motors/new-cars/?page=1> (referer: https://www.google.com/search?q=dubizzle)
2026-05-11 11:20:17,156 [dubizzle_spider] WARNING: Page appears to be blocked by Imperva anti-bot protection
2026-05-11 11:20:17,157 [dubizzle_spider] WARNING: No listings extracted from page 1
2026-05-11 11:20:17,157 [dubizzle_spider] INFO: Page 1: Found 0 listings
2026-05-11 11:20:20,662 [dubizzle_spider] INFO: Scraping page 2: https://uae.dubizzle.com/motors/new-cars/?page=2
2026-05-11 11:20:21,800 [scrapling] INFO: Fetched (200) <GET https://uae.dubizzle.com/motors/new-cars/?page=2> (referer: https://www.google.com/search?q=dubizzle)
2026-05-11 11:20:21,944 [dubizzle_spider] WARNING: Page appears to be blocked by Imperva anti-bot protection
2026-05-11 11:20:21,944 [dubizzle_spider] WARNING: No listings extracted from page 2
2026-05-11 11:20:21,945 [dubizzle_spider] INFO: Page 2: Found 0 listings
2026-05-11 11:20:24,388 [dubizzle_spider] INFO: Scraping page 3: https://uae.dubizzle.com/motors/new-cars/?page=3
2026-05-11 11:20:25,383 [scrapling] INFO: Fetched (200) <GET https://uae.dubizzle.com/motors/new-cars/?page=3> (referer: https://www.google.com/search?q=dubizzle)
2026-05-11 11:20:25,518 [dubizzle_spider] WARNING: Page appears to be blocked by Imperva anti-bot protection
2026-05-11 11:20:25,518 [dubizzle_spider] WARNING: No listings extracted from page 3
2026-05-11 11:20:25,519 [dubizzle_spider] INFO: Page 3: Found 0 listings
2026-05-11 11:20:25,519 [dubizzle_spider] INFO: 3 consecutive empty pages. Stopping at page 3.
2026-05-11 11:20:25,519 [dubizzle_spider] INFO: Scraping complete. Stats: {'pages_scraped': 3, 'listings_found': 0, 'errors': 0}
2026-05-11 11:20:25,519 [runner] INFO: Dubizzle: 0 listings saved
2026-05-11 11:20:25,519 [runner] INFO: === Scraping Complete: 0 total listings ===
