2026-05-11 12:53:29,003 [processor] INFO: Starting enhanced processing pipeline...
2026-05-11 12:53:29,021 [processor] INFO: Raw records: 8589
2026-05-11 12:53:29,038 [processor] INFO: After basic cleaning: 8589 records
2026-05-11 12:53:29,607 [processor] INFO: Brand extraction: 7933/8589 identified (92.4%)
2026-05-11 12:53:29,956 [processor] INFO: Outlier removal: 8589 → 8564 (25 removed)
2026-05-11 12:53:30,045 [processor] INFO: Deduplication: 8564 → 4523 (4041 duplicates)
2026-05-11 12:53:30,738 [processor] INFO: Cross-source validation: 9 brand/model/year combos compared
2026-05-11 12:53:30,739 [processor] INFO: Final clean records: 4523
2026-05-11 12:53:30,745 [processor] INFO: Quality Report: {
  "total_listings": 4523,
  "source_breakdown": {
    "dubicars": 4504,
    "dubizzle": 19
  },
  "brand_coverage": {
    "identified": 4139,
    "unknown": 384,
    "pct_identified": 91.5
  },
  "model_coverage": {
    "identified": 4139,
    "pct_identified": 91.5
  },
  "field_completeness": {
    "price": 100.0,
    "year": 99.9,
    "mileage": 100.0,
    "brand": 100.0,
    "model": 100.0,
    "body_type": 100.0,
    "fuel_type": 100.0,
    "location": 0.4,
    "color": 0.4
  },
  "avg_quality_score": 79.5,
  "price_stats": {
    "min": 5000.0,
    "max": 8200000.0,
    "mean": 295031.33,
    "median": 154999.0
  },
  "top_brands": {
    "Toyota": 1340,
    "Mercedes-Benz": 410,
    "BYD": 247,
    "Nissan": 208,
    "Kia": 155,
    "Mitsubishi": 153,
    "Hyundai": 148,
    "Suzuki": 145,
    "Lexus": 139,
    "BMW": 137,
    "Land Rover": 113,
    "MG": 110,
    "Audi": 83,
    "Rolls-Royce": 74,
    "Jeep": 61
  },
  "cross_source_flags": {
    "Normal": 3384,
    "Above Market": 335,
    "Below Market": 334,
    "Overpriced \u26a0\ufe0f": 318,
    "Potential Deal \ud83d\udd25": 152
  },
  "extraction_methods": {
    "dom": 4504,
    "next_data": 19
  }
}
2026-05-11 12:53:30,776 [processor] INFO: Exported 4523 records to data/processed/listings.csv
2026-05-11 12:53:30,954 [processor] INFO: JSON export complete: data/processed/listings.json
