2026-05-11 12:12:02,810 [runner] INFO: === Starting Dubizzle Scraper ===
2026-05-11 12:12:03,205 [dubizzle_spider] INFO: Playwright browser launched
2026-05-11 12:12:03,205 [dubizzle_spider] INFO: Scraping page 1: https://uae.dubizzle.com/motors/new-cars/?page=1
2026-05-11 12:12:16,249 [dubizzle_spider] INFO: Page 1: Found 25 listings
2026-05-11 12:12:21,159 [dubizzle_spider] INFO: Scraping complete. Stats: {'pages_scraped': 1, 'listings_found': 25, 'errors': 0}
2026-05-11 12:12:21,161 [runner] INFO: Dubizzle: 25 listings saved
2026-05-11 12:12:21,161 [runner] INFO: === Scraping Complete: 25 total listings ===
2026-05-11 12:12:42,482 [processor] INFO: Starting enhanced processing pipeline...
2026-05-11 12:12:42,501 [processor] INFO: Raw records: 8589
2026-05-11 12:12:42,518 [processor] INFO: After basic cleaning: 8589 records
2026-05-11 12:12:43,092 [processor] INFO: Brand extraction: 7933/8589 identified (92.4%)
2026-05-11 12:12:43,447 [processor] INFO: Outlier removal: 8589 → 8564 (25 removed)
2026-05-11 12:12:43,532 [processor] INFO: Deduplication: 8564 → 4523 (4041 duplicates)
2026-05-11 12:12:44,225 [processor] INFO: Cross-source validation: 9 brand/model/year combos compared
2026-05-11 12:12:44,226 [processor] INFO: Final clean records: 4523
2026-05-11 12:12:44,233 [processor] INFO: Quality Report: {
  "total_listings": 4523,
  "source_breakdown": {
    "dubicars": 4504,
    "dubizzle": 19
  },
  "brand_coverage": {
    "identified": 4139,
    "unknown": 384,
    "pct_identified": 91.5
  },
  "model_coverage": {
    "identified": 4139,
    "pct_identified": 91.5
  },
  "field_completeness": {
    "price": 100.0,
    "year": 99.9,
    "mileage": 100.0,
    "brand": 100.0,
    "model": 100.0,
    "body_type": 100.0,
    "fuel_type": 100.0,
    "location": 0.4,
    "color": 0.4
  },
  "avg_quality_score": 79.5,
  "price_stats": {
    "min": 5000.0,
    "max": 8200000.0,
    "mean": 295031.33,
    "median": 154999.0
  },
  "top_brands": {
    "Toyota": 1340,
    "Mercedes-Benz": 410,
    "BYD": 247,
    "Nissan": 208,
    "Kia": 155,
    "Mitsubishi": 153,
    "Hyundai": 148,
    "Suzuki": 145,
    "Lexus": 139,
    "BMW": 137,
    "Land Rover": 113,
    "MG": 110,
    "Audi": 83,
    "Rolls-Royce": 74,
    "Jeep": 61
  },
  "cross_source_flags": {
    "Normal": 3384,
    "Above Market": 335,
    "Below Market": 334,
    "Overpriced \u26a0\ufe0f": 318,
    "Potential Deal \ud83d\udd25": 152
  },
  "extraction_methods": {
    "dom": 4504,
    "next_data": 19
  }
}
2026-05-11 12:12:44,266 [processor] INFO: Exported 4523 records to data/processed/listings.csv
2026-05-11 12:12:44,443 [processor] INFO: JSON export complete: data/processed/listings.json
