2026-05-11 13:28:48,655 [processor] INFO: Starting enhanced processing pipeline...
2026-05-11 13:28:48,666 [processor] INFO: Raw records: 1650
2026-05-11 13:28:48,688 [processor] INFO: After basic cleaning: 1650 records
2026-05-11 13:28:48,798 [processor] INFO: Brand extraction: 1460/1650 identified (88.5%)
2026-05-11 13:28:48,905 [processor] INFO: Outlier removal: 1650 → 1644 (6 removed)
2026-05-11 13:28:48,925 [processor] INFO: Deduplication: 1644 → 1295 (349 duplicates)
2026-05-11 13:28:49,133 [processor] INFO: Cross-source validation: 99 brand/model/year combos compared
2026-05-11 13:28:49,134 [processor] INFO: Final clean records: 1295
2026-05-11 13:28:49,138 [processor] INFO: Quality Report: {
  "total_listings": 1295,
  "source_breakdown": {
    "dubizzle": 652,
    "dubicars": 643
  },
  "brand_coverage": {
    "identified": 1162,
    "unknown": 133,
    "pct_identified": 89.7
  },
  "model_coverage": {
    "identified": 1162,
    "pct_identified": 89.7
  },
  "field_completeness": {
    "price": 100.0,
    "year": 100.0,
    "mileage": 100.0,
    "brand": 100.0,
    "model": 100.0,
    "body_type": 100.0,
    "fuel_type": 100.0,
    "location": 50.3,
    "color": 50.3
  },
  "avg_quality_score": 85.1,
  "price_stats": {
    "min": 23500.0,
    "max": 8200000.0,
    "mean": 379883.39,
    "median": 172000.0
  },
  "top_brands": {
    "Toyota": 308,
    "Mercedes-Benz": 122,
    "BYD": 114,
    "Nissan": 76,
    "MG": 40,
    "Kia": 39,
    "Suzuki": 38,
    "BMW": 31,
    "Land Rover": 29,
    "Mitsubishi": 28,
    "Lexus": 28,
    "Rolls-Royce": 28,
    "Ferrari": 26,
    "Porsche": 24,
    "Jeep": 24
  },
  "cross_source_flags": {
    "Normal": 1080,
    "Above Market": 80,
    "Below Market": 68,
    "Overpriced \u26a0\ufe0f": 47,
    "Potential Deal \ud83d\udd25": 20
  },
  "extraction_methods": {
    "next_data": 652,
    "dom": 643
  }
}
2026-05-11 13:28:49,151 [processor] INFO: Exported 1295 records to data/processed/listings.csv
2026-05-11 13:28:49,206 [processor] INFO: JSON export complete: data/processed/listings.json
2026-05-11 13:28:49,865 [processor] INFO: Excel export complete: output/uae_car_market.xlsx
